\BOOKMARK [2][-]{section*.1}{\376\377\000a\000\051}{}% 1
\BOOKMARK [2][-]{section*.2}{\376\377\000b\000\051}{}% 2
\BOOKMARK [2][-]{section*.3}{\376\377\000c\000\051}{}% 3
\BOOKMARK [2][-]{section*.4}{\376\377\000d\000\051}{}% 4
\BOOKMARK [3][-]{section*.5}{\376\377\000\050\000i\000\051}{section*.4}% 5
\BOOKMARK [3][-]{section*.6}{\376\377\000\050\000i\000i\000\051}{section*.4}% 6
\BOOKMARK [2][-]{section*.7}{\376\377\000e\000\051}{}% 7
\BOOKMARK [2][-]{section*.8}{\376\377\000f\000\051}{}% 8
\BOOKMARK [3][-]{section*.9}{\376\377\000\050\000i\000\051}{section*.8}% 9
\BOOKMARK [3][-]{section*.10}{\376\377\000\050\000i\000i\000\051}{section*.8}% 10
\BOOKMARK [3][-]{section*.11}{\376\377\000\050\000i\000i\000i\000\051}{section*.8}% 11
\BOOKMARK [3][-]{section*.12}{\376\377\000\050\000i\000v\000\051}{section*.8}% 12
\BOOKMARK [2][-]{section*.13}{\376\377\000g\000\051}{}% 13
\BOOKMARK [3][-]{section*.14}{\376\377\000\050\000i\000\051}{section*.13}% 14
\BOOKMARK [3][-]{section*.15}{\376\377\000\050\000i\000i\000\051}{section*.13}% 15
\BOOKMARK [3][-]{section*.16}{\376\377\000\050\000i\000i\000i\000\051}{section*.13}% 16
\BOOKMARK [3][-]{section*.17}{\376\377\000\050\000i\000v\000\051}{section*.13}% 17
\BOOKMARK [2][-]{section*.18}{\376\377\000h\000\051}{}% 18
\BOOKMARK [3][-]{section*.19}{\376\377\000\050\000i\000\051}{section*.18}% 19
\BOOKMARK [3][-]{section*.20}{\376\377\000\050\000i\000i\000\051}{section*.18}% 20
\BOOKMARK [3][-]{section*.21}{\376\377\000\050\000i\000i\000i\000\051}{section*.18}% 21
\BOOKMARK [3][-]{section*.22}{\376\377\000\050\000i\000v\000\051}{section*.18}% 22
\BOOKMARK [3][-]{section*.23}{\376\377\000\050\000v\000\051}{section*.18}% 23
